Poly: -x^3*y^2*z + x^3*z^3 + 2*x^2*y*z^3 - x*z^5
-x^3*y^2*z + x^3*z^3 + 2*x^2*y*z^3 - x*z^5: a: 2
d: x^2*d/dx + (-x*y - 2*z^2)*d/dy - x*z*d/dz
Z: x + y + z: (-1 : 0 : 1), (1 : -2 : 1)
x + y + 2*z: (-1 : -1 : 1), (1 : -3 : 1)
x + y + 3*z: (-1 : -2 : 1), (1 : -4 : 1)
x + y + 4*z: (-1 : -3 : 1), (1 : -5 : 1)
x + y + 5*z: (-1 : -4 : 1), (1 : -6 : 1)
x + 2*y + z: (-1.414213562373095? : 0.2071067811865476? : 1), (1.414213562373095? : -1.207106781186548? : 1)
x + 2*y + 2*z: (-1.414213562373095? : -0.2928932188134525? : 1), (1.414213562373095? : -1.707106781186548? : 1)
x + 2*y + 3*z: (-1.414213562373095? : -0.7928932188134525? : 1), (1.414213562373095? : -2.207106781186548? : 1)
x + 2*y + 4*z: (-1.414213562373095? : -1.292893218813453? : 1), (1.414213562373095? : -2.707106781186548? : 1)
x + 2*y + 5*z: (-1.414213562373095? : -1.792893218813453? : 1), (1.414213562373095? : -3.207106781186548? : 1)
x + 3*y + z: (-1.732050807568878? : 0.2440169358562925? : 1), (1.732050807568878? : -0.910683602522959? : 1)
x + 3*y + 2*z: (-1.732050807568878? : -0.0893163974770409? : 1), (1.732050807568878? : -1.244016935856293? : 1)
x + 3*y + 3*z: (-1.732050807568878? : -0.4226497308103743? : 1), (1.732050807568878? : -1.577350269189626? : 1)
x + 3*y + 4*z: (-1.732050807568878? : -0.7559830641437076? : 1), (1.732050807568878? : -1.910683602522959? : 1)
x + 3*y + 5*z: (-1.732050807568878? : -1.089316397477041? : 1), (1.732050807568878? : -2.244016935856293? : 1)
x + 4*y + z: (-2 : 1/4 : 1), (2 : -3/4 : 1)
x + 4*y + 2*z: (-2 : 0 : 1), (2 : -1 : 1)
x + 4*y + 3*z: (-2 : -1/4 : 1), (2 : -5/4 : 1)
x + 4*y + 4*z: (-2 : -1/2 : 1), (2 : -3/2 : 1)
x + 4*y + 5*z: (-2 : -3/4 : 1), (2 : -7/4 : 1)
x + 5*y + z: (-2.236067977499790? : 0.2472135954999580? : 1), (2.236067977499790? : -0.6472135954999580? : 1)
x + 5*y + 2*z: (-2.236067977499790? : 0.04721359549995794? : 1), (2.236067977499790? : -0.847213595499958? : 1)
x + 5*y + 3*z: (-2.236067977499790? : -0.1527864045000421? : 1), (2.236067977499790? : -1.047213595499958? : 1)
x + 5*y + 4*z: (-2.236067977499790? : -0.3527864045000421? : 1), (2.236067977499790? : -1.247213595499958? : 1)
x + 5*y + 5*z: (-2.236067977499790? : -0.5527864045000421? : 1), (2.236067977499790? : -1.447213595499958? : 1)
2*x + y + z: (-0.7071067811865475? : 0.4142135623730951? : 1), (0.7071067811865475? : -2.414213562373095? : 1)
2*x + y + 2*z: (-0.7071067811865475? : -0.5857864376269049? : 1), (0.7071067811865475? : -3.414213562373095? : 1)
2*x + y + 3*z: (-0.7071067811865475? : -1.585786437626905? : 1), (0.7071067811865475? : -4.414213562373095? : 1)
2*x + y + 4*z: (-0.7071067811865475? : -2.585786437626905? : 1), (0.7071067811865475? : -5.414213562373095? : 1)
2*x + y + 5*z: (-0.7071067811865475? : -3.585786437626905? : 1), (0.7071067811865475? : -6.414213562373095? : 1)
2*x + 2*y + z: (-1 : 1/2 : 1), (1 : -3/2 : 1)
2*x + 2*y + 3*z: (-1 : -1/2 : 1), (1 : -5/2 : 1)
2*x + 2*y + 5*z: (-1 : -3/2 : 1), (1 : -7/2 : 1)
2*x + 3*y + z: (-1.224744871391589? : 0.4831632475943927? : 1), (1.224744871391589? : -1.149829914261060? : 1)
2*x + 3*y + 2*z: (-1.224744871391589? : 0.1498299142610594? : 1), (1.224744871391589? : -1.483163247594393? : 1)
2*x + 3*y + 3*z: (-1.224744871391589? : -0.1835034190722740? : 1), (1.224744871391589? : -1.816496580927726? : 1)
2*x + 3*y + 4*z: (-1.224744871391589? : -0.5168367524056073? : 1), (1.224744871391589? : -2.149829914261060? : 1)
2*x + 3*y + 5*z: (-1.224744871391589? : -0.850170085738941? : 1), (1.224744871391589? : -2.483163247594393? : 1)
2*x + 4*y + z: (-1.414213562373095? : 0.4571067811865476? : 1), (1.414213562373095? : -0.9571067811865475? : 1)
2*x + 4*y + 3*z: (-1.414213562373095? : -0.04289321881345247? : 1), (1.414213562373095? : -1.457106781186548? : 1)
2*x + 4*y + 5*z: (-1.414213562373095? : -0.5428932188134525? : 1), (1.414213562373095? : -1.957106781186548? : 1)
2*x + 5*y + z: (-1.581138830084190? : 0.4324555320336759? : 1), (1.581138830084190? : -0.8324555320336759? : 1)
2*x + 5*y + 2*z: (-1.581138830084190? : 0.2324555320336759? : 1), (1.581138830084190? : -1.032455532033676? : 1)
2*x + 5*y + 3*z: (-1.581138830084190? : 0.03245553203367587? : 1), (1.581138830084190? : -1.232455532033676? : 1)
2*x + 5*y + 4*z: (-1.581138830084190? : -0.1675444679663242? : 1), (1.581138830084190? : -1.432455532033676? : 1)
2*x + 5*y + 5*z: (-1.581138830084190? : -0.3675444679663242? : 1), (1.581138830084190? : -1.632455532033676? : 1)
3*x + y + z: (-0.5773502691896258? : 0.732050807568878? : 1), (0.5773502691896258? : -2.732050807568878? : 1)
3*x + y + 2*z: (-0.5773502691896258? : -0.2679491924311227? : 1), (0.5773502691896258? : -3.732050807568878? : 1)
3*x + y + 3*z: (-0.5773502691896258? : -1.267949192431123? : 1), (0.5773502691896258? : -4.732050807568877? : 1)
3*x + y + 4*z: (-0.5773502691896258? : -2.267949192431123? : 1), (0.5773502691896258? : -5.732050807568877? : 1)
3*x + y + 5*z: (-0.5773502691896258? : -3.267949192431123? : 1), (0.5773502691896258? : -6.732050807568877? : 1)
3*x + 2*y + z: (-0.8164965809277260? : 0.7247448713915890? : 1), (0.8164965809277260? : -1.724744871391589? : 1)
3*x + 2*y + 2*z: (-0.8164965809277260? : 0.2247448713915891? : 1), (0.8164965809277260? : -2.224744871391589? : 1)
3*x + 2*y + 3*z: (-0.8164965809277260? : -0.2752551286084110? : 1), (0.8164965809277260? : -2.724744871391589? : 1)
3*x + 2*y + 4*z: (-0.8164965809277260? : -0.7752551286084110? : 1), (0.8164965809277260? : -3.224744871391589? : 1)
3*x + 2*y + 5*z: (-0.8164965809277260? : -1.275255128608411? : 1), (0.8164965809277260? : -3.724744871391589? : 1)
3*x + 3*y + z: (-1 : 2/3 : 1), (1 : -4/3 : 1)
3*x + 3*y + 2*z: (-1 : 1/3 : 1), (1 : -5/3 : 1)
3*x + 3*y + 4*z: (-1 : -1/3 : 1), (1 : -7/3 : 1)
3*x + 3*y + 5*z: (-1 : -2/3 : 1), (1 : -8/3 : 1)
3*x + 4*y + z: (-1.154700538379252? : 0.616025403784439? : 1), (1.154700538379252? : -1.116025403784439? : 1)
3*x + 4*y + 2*z: (-1.154700538379252? : 0.3660254037844386? : 1), (1.154700538379252? : -1.366025403784439? : 1)
3*x + 4*y + 3*z: (-1.154700538379252? : 0.1160254037844387? : 1), (1.154700538379252? : -1.616025403784439? : 1)
3*x + 4*y + 4*z: (-1.154700538379252? : -0.1339745962155614? : 1), (1.154700538379252? : -1.866025403784439? : 1)
3*x + 4*y + 5*z: (-1.154700538379252? : -0.3839745962155614? : 1), (1.154700538379252? : -2.116025403784439? : 1)
3*x + 5*y + z: (-1.290994448735806? : 0.5745966692414834? : 1), (1.290994448735806? : -0.9745966692414834? : 1)
3*x + 5*y + 2*z: (-1.290994448735806? : 0.3745966692414834? : 1), (1.290994448735806? : -1.174596669241484? : 1)
3*x + 5*y + 3*z: (-1.290994448735806? : 0.1745966692414834? : 1), (1.290994448735806? : -1.374596669241484? : 1)
3*x + 5*y + 4*z: (-1.290994448735806? : -0.02540333075851663? : 1), (1.290994448735806? : -1.574596669241484? : 1)
3*x + 5*y + 5*z: (-1.290994448735806? : -0.2254033307585166? : 1), (1.290994448735806? : -1.774596669241484? : 1)
4*x + y + z: (-1/2 : 1 : 1), (1/2 : -3 : 1)
4*x + y + 2*z: (-1/2 : 0 : 1), (1/2 : -4 : 1)
4*x + y + 3*z: (-1/2 : -1 : 1), (1/2 : -5 : 1)
4*x + y + 4*z: (-1/2 : -2 : 1), (1/2 : -6 : 1)
4*x + y + 5*z: (-1/2 : -3 : 1), (1/2 : -7 : 1)
4*x + 2*y + z: (-0.7071067811865475? : 0.9142135623730951? : 1), (0.7071067811865475? : -1.914213562373095? : 1)
4*x + 2*y + 3*z: (-0.7071067811865475? : -0.0857864376269050? : 1), (0.7071067811865475? : -2.914213562373095? : 1)
4*x + 2*y + 5*z: (-0.7071067811865475? : -1.085786437626905? : 1), (0.7071067811865475? : -3.914213562373095? : 1)
4*x + 3*y + z: (-0.866025403784439? : 0.821367205045919? : 1), (0.866025403784439? : -1.488033871712585? : 1)
4*x + 3*y + 2*z: (-0.866025403784439? : 0.4880338717125849? : 1), (0.866025403784439? : -1.821367205045918? : 1)
4*x + 3*y + 3*z: (-0.866025403784439? : 0.1547005383792516? : 1), (0.866025403784439? : -2.154700538379252? : 1)
4*x + 3*y + 4*z: (-0.866025403784439? : -0.1786327949540818? : 1), (0.866025403784439? : -2.488033871712585? : 1)
4*x + 3*y + 5*z: (-0.866025403784439? : -0.5119661282874151? : 1), (0.866025403784439? : -2.821367205045918? : 1)
4*x + 4*y + z: (-1 : 3/4 : 1), (1 : -5/4 : 1)
4*x + 4*y + 3*z: (-1 : 1/4 : 1), (1 : -7/4 : 1)
4*x + 4*y + 5*z: (-1 : -1/4 : 1), (1 : -9/4 : 1)
4*x + 5*y + z: (-1.118033988749895? : 0.6944271909999158? : 1), (1.118033988749895? : -1.094427190999916? : 1)
4*x + 5*y + 2*z: (-1.118033988749895? : 0.4944271909999159? : 1), (1.118033988749895? : -1.294427190999916? : 1)
4*x + 5*y + 3*z: (-1.118033988749895? : 0.2944271909999159? : 1), (1.118033988749895? : -1.494427190999916? : 1)
4*x + 5*y + 4*z: (-1.118033988749895? : 0.0944271909999159? : 1), (1.118033988749895? : -1.694427190999916? : 1)
4*x + 5*y + 5*z: (-1.118033988749895? : -0.1055728090000842? : 1), (1.118033988749895? : -1.894427190999916? : 1)
5*x + y + z: (-0.4472135954999580? : 1.236067977499790? : 1), (0.4472135954999580? : -3.236067977499790? : 1)
5*x + y + 2*z: (-0.4472135954999580? : 0.2360679774997897? : 1), (0.4472135954999580? : -4.236067977499789? : 1)
5*x + y + 3*z: (-0.4472135954999580? : -0.763932022500211? : 1), (0.4472135954999580? : -5.236067977499789? : 1)
5*x + y + 4*z: (-0.4472135954999580? : -1.763932022500211? : 1), (0.4472135954999580? : -6.236067977499789? : 1)
5*x + y + 5*z: (-0.4472135954999580? : -2.763932022500211? : 1), (0.4472135954999580? : -7.236067977499789? : 1)
5*x + 2*y + z: (-0.6324555320336758? : 1.081138830084190? : 1), (0.6324555320336758? : -2.081138830084190? : 1)
5*x + 2*y + 2*z: (-0.6324555320336758? : 0.5811388300841897? : 1), (0.6324555320336758? : -2.581138830084190? : 1)
5*x + 2*y + 3*z: (-0.6324555320336758? : 0.08113883008418967? : 1), (0.6324555320336758? : -3.081138830084190? : 1)
5*x + 2*y + 4*z: (-0.6324555320336758? : -0.4188611699158103? : 1), (0.6324555320336758? : -3.581138830084190? : 1)
5*x + 2*y + 5*z: (-0.6324555320336758? : -0.9188611699158103? : 1), (0.6324555320336758? : -4.081138830084190? : 1)
5*x + 3*y + z: (-0.774596669241484? : 0.9576611154024723? : 1), (0.774596669241484? : -1.624327782069139? : 1)
5*x + 3*y + 2*z: (-0.774596669241484? : 0.6243277820691389? : 1), (0.774596669241484? : -1.957661115402473? : 1)
5*x + 3*y + 3*z: (-0.774596669241484? : 0.2909944487358056? : 1), (0.774596669241484? : -2.290994448735806? : 1)
5*x + 3*y + 4*z: (-0.774596669241484? : -0.04233888459752771? : 1), (0.774596669241484? : -2.624327782069139? : 1)
5*x + 3*y + 5*z: (-0.774596669241484? : -0.3756722179308611? : 1), (0.774596669241484? : -2.957661115402472? : 1)
5*x + 4*y + z: (-0.8944271909999159? : 0.868033988749895? : 1), (0.8944271909999159? : -1.368033988749895? : 1)
5*x + 4*y + 2*z: (-0.8944271909999159? : 0.618033988749895? : 1), (0.8944271909999159? : -1.618033988749895? : 1)
5*x + 4*y + 3*z: (-0.8944271909999159? : 0.3680339887498949? : 1), (0.8944271909999159? : -1.868033988749895? : 1)
5*x + 4*y + 4*z: (-0.8944271909999159? : 0.1180339887498949? : 1), (0.8944271909999159? : -2.118033988749895? : 1)
5*x + 4*y + 5*z: (-0.8944271909999159? : -0.1319660112501052? : 1), (0.8944271909999159? : -2.368033988749895? : 1)
5*x + 5*y + z: (-1 : 4/5 : 1), (1 : -6/5 : 1)
5*x + 5*y + 2*z: (-1 : 3/5 : 1), (1 : -7/5 : 1)
5*x + 5*y + 3*z: (-1 : 2/5 : 1), (1 : -8/5 : 1)
5*x + 5*y + 4*z: (-1 : 1/5 : 1), (1 : -9/5 : 1)
ZcapJ: 
ZcapJCL: x + y + z: (-1 : 0 : 1)
x + y + 3*z: (-1 : -2 : 1)
4*x + y + 3*z: (-1/2 : -1 : 1)
4*x + y + 5*z: (-1/2 : -3 : 1)

Poly: -x^3*y^3 + x^3*y*z^2 + 3*x^2*y^2*z^2 - x^2*z^4 - 3*x*y*z^4 + z^6
-x^3*y^3 + x^3*y*z^2 + 3*x^2*y^2*z^2 - x^2*z^4 - 3*x*y*z^4 + z^6: a: 2
d: x^2*d/dx + (-x*y - 2*z^2)*d/dy - x*z*d/dz
Z: x + y + z: (-1 : 0 : 1), (1 : -2 : 1)
x + y + 2*z: (-1 : -1 : 1), (1 : -3 : 1)
x + y + 3*z: (-1 : -2 : 1), (1 : -4 : 1)
x + y + 4*z: (-1 : -3 : 1), (1 : -5 : 1)
x + y + 5*z: (-1 : -4 : 1), (1 : -6 : 1)
x + 2*y + z: (-1.414213562373095? : 0.2071067811865476? : 1), (1.414213562373095? : -1.207106781186548? : 1)
x + 2*y + 2*z: (-1.414213562373095? : -0.2928932188134525? : 1), (1.414213562373095? : -1.707106781186548? : 1)
x + 2*y + 3*z: (-1.414213562373095? : -0.7928932188134525? : 1), (1.414213562373095? : -2.207106781186548? : 1)
x + 2*y + 4*z: (-1.414213562373095? : -1.292893218813453? : 1), (1.414213562373095? : -2.707106781186548? : 1)
x + 2*y + 5*z: (-1.414213562373095? : -1.792893218813453? : 1), (1.414213562373095? : -3.207106781186548? : 1)
x + 3*y + z: (-1.732050807568878? : 0.2440169358562925? : 1), (1.732050807568878? : -0.910683602522959? : 1)
x + 3*y + 2*z: (-1.732050807568878? : -0.0893163974770409? : 1), (1.732050807568878? : -1.244016935856293? : 1)
x + 3*y + 3*z: (-1.732050807568878? : -0.4226497308103743? : 1), (1.732050807568878? : -1.577350269189626? : 1)
x + 3*y + 4*z: (-1.732050807568878? : -0.7559830641437076? : 1), (1.732050807568878? : -1.910683602522959? : 1)
x + 3*y + 5*z: (-1.732050807568878? : -1.089316397477041? : 1), (1.732050807568878? : -2.244016935856293? : 1)
x + 4*y + z: (-2 : 1/4 : 1), (2 : -3/4 : 1)
x + 4*y + 2*z: (-2 : 0 : 1), (2 : -1 : 1)
x + 4*y + 3*z: (-2 : -1/4 : 1), (2 : -5/4 : 1)
x + 4*y + 4*z: (-2 : -1/2 : 1), (2 : -3/2 : 1)
x + 4*y + 5*z: (-2 : -3/4 : 1), (2 : -7/4 : 1)
x + 5*y + z: (-2.236067977499790? : 0.2472135954999580? : 1), (2.236067977499790? : -0.6472135954999580? : 1)
x + 5*y + 2*z: (-2.236067977499790? : 0.04721359549995794? : 1), (2.236067977499790? : -0.847213595499958? : 1)
x + 5*y + 3*z: (-2.236067977499790? : -0.1527864045000421? : 1), (2.236067977499790? : -1.047213595499958? : 1)
x + 5*y + 4*z: (-2.236067977499790? : -0.3527864045000421? : 1), (2.236067977499790? : -1.247213595499958? : 1)
x + 5*y + 5*z: (-2.236067977499790? : -0.5527864045000421? : 1), (2.236067977499790? : -1.447213595499958? : 1)
2*x + y + z: (-0.7071067811865475? : 0.4142135623730951? : 1), (0.7071067811865475? : -2.414213562373095? : 1)
2*x + y + 2*z: (-0.7071067811865475? : -0.5857864376269049? : 1), (0.7071067811865475? : -3.414213562373095? : 1)
2*x + y + 3*z: (-0.7071067811865475? : -1.585786437626905? : 1), (0.7071067811865475? : -4.414213562373095? : 1)
2*x + y + 4*z: (-0.7071067811865475? : -2.585786437626905? : 1), (0.7071067811865475? : -5.414213562373095? : 1)
2*x + y + 5*z: (-0.7071067811865475? : -3.585786437626905? : 1), (0.7071067811865475? : -6.414213562373095? : 1)
2*x + 2*y + z: (-1 : 1/2 : 1), (1 : -3/2 : 1)
2*x + 2*y + 3*z: (-1 : -1/2 : 1), (1 : -5/2 : 1)
2*x + 2*y + 5*z: (-1 : -3/2 : 1), (1 : -7/2 : 1)
2*x + 3*y + z: (-1.224744871391589? : 0.4831632475943927? : 1), (1.224744871391589? : -1.149829914261060? : 1)
2*x + 3*y + 2*z: (-1.224744871391589? : 0.1498299142610594? : 1), (1.224744871391589? : -1.483163247594393? : 1)
2*x + 3*y + 3*z: (-1.224744871391589? : -0.1835034190722740? : 1), (1.224744871391589? : -1.816496580927726? : 1)
2*x + 3*y + 4*z: (-1.224744871391589? : -0.5168367524056073? : 1), (1.224744871391589? : -2.149829914261060? : 1)
2*x + 3*y + 5*z: (-1.224744871391589? : -0.850170085738941? : 1), (1.224744871391589? : -2.483163247594393? : 1)
2*x + 4*y + z: (-1.414213562373095? : 0.4571067811865476? : 1), (1.414213562373095? : -0.9571067811865475? : 1)
2*x + 4*y + 3*z: (-1.414213562373095? : -0.04289321881345247? : 1), (1.414213562373095? : -1.457106781186548? : 1)
2*x + 4*y + 5*z: (-1.414213562373095? : -0.5428932188134525? : 1), (1.414213562373095? : -1.957106781186548? : 1)
2*x + 5*y + z: (-1.581138830084190? : 0.4324555320336759? : 1), (1.581138830084190? : -0.8324555320336759? : 1)
2*x + 5*y + 2*z: (-1.581138830084190? : 0.2324555320336759? : 1), (1.581138830084190? : -1.032455532033676? : 1)
2*x + 5*y + 3*z: (-1.581138830084190? : 0.03245553203367587? : 1), (1.581138830084190? : -1.232455532033676? : 1)
2*x + 5*y + 4*z: (-1.581138830084190? : -0.1675444679663242? : 1), (1.581138830084190? : -1.432455532033676? : 1)
2*x + 5*y + 5*z: (-1.581138830084190? : -0.3675444679663242? : 1), (1.581138830084190? : -1.632455532033676? : 1)
3*x + y + z: (-0.5773502691896258? : 0.732050807568878? : 1), (0.5773502691896258? : -2.732050807568878? : 1)
3*x + y + 2*z: (-0.5773502691896258? : -0.2679491924311227? : 1), (0.5773502691896258? : -3.732050807568878? : 1)
3*x + y + 3*z: (-0.5773502691896258? : -1.267949192431123? : 1), (0.5773502691896258? : -4.732050807568877? : 1)
3*x + y + 4*z: (-0.5773502691896258? : -2.267949192431123? : 1), (0.5773502691896258? : -5.732050807568877? : 1)
3*x + y + 5*z: (-0.5773502691896258? : -3.267949192431123? : 1), (0.5773502691896258? : -6.732050807568877? : 1)
3*x + 2*y + z: (-0.8164965809277260? : 0.7247448713915890? : 1), (0.8164965809277260? : -1.724744871391589? : 1)
3*x + 2*y + 2*z: (-0.8164965809277260? : 0.2247448713915891? : 1), (0.8164965809277260? : -2.224744871391589? : 1)
3*x + 2*y + 3*z: (-0.8164965809277260? : -0.2752551286084110? : 1), (0.8164965809277260? : -2.724744871391589? : 1)
3*x + 2*y + 4*z: (-0.8164965809277260? : -0.7752551286084110? : 1), (0.8164965809277260? : -3.224744871391589? : 1)
3*x + 2*y + 5*z: (-0.8164965809277260? : -1.275255128608411? : 1), (0.8164965809277260? : -3.724744871391589? : 1)
3*x + 3*y + z: (-1 : 2/3 : 1), (1 : -4/3 : 1)
3*x + 3*y + 2*z: (-1 : 1/3 : 1), (1 : -5/3 : 1)
3*x + 3*y + 4*z: (-1 : -1/3 : 1), (1 : -7/3 : 1)
3*x + 3*y + 5*z: (-1 : -2/3 : 1), (1 : -8/3 : 1)
3*x + 4*y + z: (-1.154700538379252? : 0.616025403784439? : 1), (1.154700538379252? : -1.116025403784439? : 1)
3*x + 4*y + 2*z: (-1.154700538379252? : 0.3660254037844386? : 1), (1.154700538379252? : -1.366025403784439? : 1)
3*x + 4*y + 3*z: (-1.154700538379252? : 0.1160254037844387? : 1), (1.154700538379252? : -1.616025403784439? : 1)
3*x + 4*y + 4*z: (-1.154700538379252? : -0.1339745962155614? : 1), (1.154700538379252? : -1.866025403784439? : 1)
3*x + 4*y + 5*z: (-1.154700538379252? : -0.3839745962155614? : 1), (1.154700538379252? : -2.116025403784439? : 1)
3*x + 5*y + z: (-1.290994448735806? : 0.5745966692414834? : 1), (1.290994448735806? : -0.9745966692414834? : 1)
3*x + 5*y + 2*z: (-1.290994448735806? : 0.3745966692414834? : 1), (1.290994448735806? : -1.174596669241484? : 1)
3*x + 5*y + 3*z: (-1.290994448735806? : 0.1745966692414834? : 1), (1.290994448735806? : -1.374596669241484? : 1)
3*x + 5*y + 4*z: (-1.290994448735806? : -0.02540333075851663? : 1), (1.290994448735806? : -1.574596669241484? : 1)
3*x + 5*y + 5*z: (-1.290994448735806? : -0.2254033307585166? : 1), (1.290994448735806? : -1.774596669241484? : 1)
4*x + y + z: (-1/2 : 1 : 1), (1/2 : -3 : 1)
4*x + y + 2*z: (-1/2 : 0 : 1), (1/2 : -4 : 1)
4*x + y + 3*z: (-1/2 : -1 : 1), (1/2 : -5 : 1)
4*x + y + 4*z: (-1/2 : -2 : 1), (1/2 : -6 : 1)
4*x + y + 5*z: (-1/2 : -3 : 1), (1/2 : -7 : 1)
4*x + 2*y + z: (-0.7071067811865475? : 0.9142135623730951? : 1), (0.7071067811865475? : -1.914213562373095? : 1)
4*x + 2*y + 3*z: (-0.7071067811865475? : -0.0857864376269050? : 1), (0.7071067811865475? : -2.914213562373095? : 1)
4*x + 2*y + 5*z: (-0.7071067811865475? : -1.085786437626905? : 1), (0.7071067811865475? : -3.914213562373095? : 1)
4*x + 3*y + z: (-0.866025403784439? : 0.821367205045919? : 1), (0.866025403784439? : -1.488033871712585? : 1)
4*x + 3*y + 2*z: (-0.866025403784439? : 0.4880338717125849? : 1), (0.866025403784439? : -1.821367205045918? : 1)
4*x + 3*y + 3*z: (-0.866025403784439? : 0.1547005383792516? : 1), (0.866025403784439? : -2.154700538379252? : 1)
4*x + 3*y + 4*z: (-0.866025403784439? : -0.1786327949540818? : 1), (0.866025403784439? : -2.488033871712585? : 1)
4*x + 3*y + 5*z: (-0.866025403784439? : -0.5119661282874151? : 1), (0.866025403784439? : -2.821367205045918? : 1)
4*x + 4*y + z: (-1 : 3/4 : 1), (1 : -5/4 : 1)
4*x + 4*y + 3*z: (-1 : 1/4 : 1), (1 : -7/4 : 1)
4*x + 4*y + 5*z: (-1 : -1/4 : 1), (1 : -9/4 : 1)
4*x + 5*y + z: (-1.118033988749895? : 0.6944271909999158? : 1), (1.118033988749895? : -1.094427190999916? : 1)
4*x + 5*y + 2*z: (-1.118033988749895? : 0.4944271909999159? : 1), (1.118033988749895? : -1.294427190999916? : 1)
4*x + 5*y + 3*z: (-1.118033988749895? : 0.2944271909999159? : 1), (1.118033988749895? : -1.494427190999916? : 1)
4*x + 5*y + 4*z: (-1.118033988749895? : 0.0944271909999159? : 1), (1.118033988749895? : -1.694427190999916? : 1)
4*x + 5*y + 5*z: (-1.118033988749895? : -0.1055728090000842? : 1), (1.118033988749895? : -1.894427190999916? : 1)
5*x + y + z: (-0.4472135954999580? : 1.236067977499790? : 1), (0.4472135954999580? : -3.236067977499790? : 1)
5*x + y + 2*z: (-0.4472135954999580? : 0.2360679774997897? : 1), (0.4472135954999580? : -4.236067977499789? : 1)
5*x + y + 3*z: (-0.4472135954999580? : -0.763932022500211? : 1), (0.4472135954999580? : -5.236067977499789? : 1)
5*x + y + 4*z: (-0.4472135954999580? : -1.763932022500211? : 1), (0.4472135954999580? : -6.236067977499789? : 1)
5*x + y + 5*z: (-0.4472135954999580? : -2.763932022500211? : 1), (0.4472135954999580? : -7.236067977499789? : 1)
5*x + 2*y + z: (-0.6324555320336758? : 1.081138830084190? : 1), (0.6324555320336758? : -2.081138830084190? : 1)
5*x + 2*y + 2*z: (-0.6324555320336758? : 0.5811388300841897? : 1), (0.6324555320336758? : -2.581138830084190? : 1)
5*x + 2*y + 3*z: (-0.6324555320336758? : 0.08113883008418967? : 1), (0.6324555320336758? : -3.081138830084190? : 1)
5*x + 2*y + 4*z: (-0.6324555320336758? : -0.4188611699158103? : 1), (0.6324555320336758? : -3.581138830084190? : 1)
5*x + 2*y + 5*z: (-0.6324555320336758? : -0.9188611699158103? : 1), (0.6324555320336758? : -4.081138830084190? : 1)
5*x + 3*y + z: (-0.774596669241484? : 0.9576611154024723? : 1), (0.774596669241484? : -1.624327782069139? : 1)
5*x + 3*y + 2*z: (-0.774596669241484? : 0.6243277820691389? : 1), (0.774596669241484? : -1.957661115402473? : 1)
5*x + 3*y + 3*z: (-0.774596669241484? : 0.2909944487358056? : 1), (0.774596669241484? : -2.290994448735806? : 1)
5*x + 3*y + 4*z: (-0.774596669241484? : -0.04233888459752771? : 1), (0.774596669241484? : -2.624327782069139? : 1)
5*x + 3*y + 5*z: (-0.774596669241484? : -0.3756722179308611? : 1), (0.774596669241484? : -2.957661115402472? : 1)
5*x + 4*y + z: (-0.8944271909999159? : 0.868033988749895? : 1), (0.8944271909999159? : -1.368033988749895? : 1)
5*x + 4*y + 2*z: (-0.8944271909999159? : 0.618033988749895? : 1), (0.8944271909999159? : -1.618033988749895? : 1)
5*x + 4*y + 3*z: (-0.8944271909999159? : 0.3680339887498949? : 1), (0.8944271909999159? : -1.868033988749895? : 1)
5*x + 4*y + 4*z: (-0.8944271909999159? : 0.1180339887498949? : 1), (0.8944271909999159? : -2.118033988749895? : 1)
5*x + 4*y + 5*z: (-0.8944271909999159? : -0.1319660112501052? : 1), (0.8944271909999159? : -2.368033988749895? : 1)
5*x + 5*y + z: (-1 : 4/5 : 1), (1 : -6/5 : 1)
5*x + 5*y + 2*z: (-1 : 3/5 : 1), (1 : -7/5 : 1)
5*x + 5*y + 3*z: (-1 : 2/5 : 1), (1 : -8/5 : 1)
5*x + 5*y + 4*z: (-1 : 1/5 : 1), (1 : -9/5 : 1)
ZcapJ: 
ZcapJCL: x + y + z: (-1 : 0 : 1)
x + y + 2*z: (-1 : -1 : 1)
x + y + 3*z: (-1 : -2 : 1)
x + 4*y + 4*z: (-2 : -1/2 : 1)
4*x + y + 3*z: (-1/2 : -1 : 1)
4*x + y + 4*z: (-1/2 : -2 : 1)
4*x + y + 5*z: (-1/2 : -3 : 1)

Poly: x^5*y^3*z - x^3*y^5*z - x^5*y*z^3 + x*y^5*z^3 + x^3*y*z^5 - x*y^3*z^5
x^5*y^3*z - x^3*y^5*z - x^5*y*z^3 + x*y^5*z^3 + x^3*y*z^5 - x*y^3*z^5: a: 3
d: (4*x^3 - 5*x*y^2 - 5*x*z^2)*d/dx + (-5*x^2*y + 4*y^3 - 5*y*z^2)*d/dy + (-5*x^2*z - 5*y^2*z + 4*z^3)*d/dz
Z: x + y + z: (-1 : 0 : 1), (-1 : 1 : 0), (0 : -1 : 1)
x + y + 2*z: (-1 : -1 : 1), (-1 : 1 : 0)
x + y + 3*z: (-1.500000000000000? - 0.645497224367903?*I : -1.500000000000000? + 0.645497224367903?*I : 1), (-1.500000000000000? + 0.645497224367903?*I : -1.500000000000000? - 0.645497224367903?*I : 1), (-1 : 1 : 0)
x + y + 4*z: (-2.000000000000000? - 1.000000000000000?*I : -2.000000000000000? + 1.000000000000000?*I : 1), (-2.000000000000000? + 1.000000000000000?*I : -2.000000000000000? - 1.000000000000000?*I : 1), (-1 : 1 : 0)
x + y + 5*z: (-2.500000000000000? - 1.322875655532296?*I : -2.500000000000000? + 1.322875655532296?*I : 1), (-2.500000000000000? + 1.322875655532296?*I : -2.500000000000000? - 1.322875655532296?*I : 1), (-1 : 1 : 0)
x + 2*y + z: (-1 : 0 : 1), (1 : -1 : 1)
x + 2*y + 2*z: (-1.236067977499790? : -0.3819660112501051? : 1), (0 : -1 : 1), (3.236067977499790? : -2.618033988749895? : 1)
x + 2*y + 3*z: (-1 : -1 : 1), (5 : -4 : 1)
x + 2*y + 4*z: (-1.365230013414097? - 0.7165187198480860?*I : -1.317384993292952? + 0.3582593599240430?*I : 1), (-1.365230013414097? + 0.7165187198480860?*I : -1.317384993292952? - 0.3582593599240430?*I : 1), (6.730460026828193? : -5.365230013414096? : 1)
x + 2*y + 5*z: (-1.724576727631849? - 1.080861667738574?*I : -1.637711636184076? + 0.540430833869287?*I : 1), (-1.724576727631849? + 1.080861667738574?*I : -1.637711636184076? - 0.540430833869287?*I : 1), (8.44915345526370? : -6.724576727631848? : 1)
x + 3*y + z: (-1 : 0 : 1), (0.687500000000000? - 0.7261843774138907?*I : -0.562500000000000? + 0.2420614591379636?*I : 1), (0.687500000000000? + 0.7261843774138907?*I : -0.562500000000000? - 0.2420614591379636?*I : 1)
x + 3*y + 2*z: (-5/4 : -1/4 : 1), (1 : -1 : 1)
x + 3*y + 3*z: (-1.358803268617425? : -0.5470655771275251? : 1), (0 : -1 : 1), (2.483803268617425? : -1.827934422872475? : 1)
x + 3*y + 4*z: (-1 : -1 : 1), (7/2 : -5/2 : 1)
x + 3*y + 5*z: (-1.298325066652391? - 0.7420666654959409?*I : -1.233891644449204? + 0.2473555551653137?*I : 1), (-1.298325066652391? + 0.7420666654959409?*I : -1.233891644449204? - 0.2473555551653137?*I : 1), (4.471650133304781? : -3.157216711101594? : 1)
x + 4*y + z: (-1 : 0 : 1), (0.6000000000000000? - 0.8000000000000000?*I : -0.4000000000000000? + 0.2000000000000000?*I : 1), (0.6000000000000000? + 0.8000000000000000?*I : -0.4000000000000000? - 0.2000000000000000?*I : 1)
x + 4*y + 2*z: (-1.254458804189338? : -0.1863852989526655? : 1), (0.8272294020946689? - 0.7688575481803996?*I : -0.7068073505236672? + 0.1922143870450999?*I : 1), (0.8272294020946689? + 0.7688575481803996?*I : -0.7068073505236672? - 0.1922143870450999?*I : 1)
x + 4*y + 3*z: (-7/5 : -2/5 : 1), (1 : -1 : 1)
x + 4*y + 4*z: (-1.433030277982336? : -0.6417424305044160? : 1), (0 : -1 : 1), (2.233030277982336? : -1.558257569495584? : 1)
x + 4*y + 5*z: (-1 : -1 : 1), (3 : -2 : 1)
x + 5*y + z: (-1 : 0 : 1), (0.562500000000000? - 0.8267972847076846?*I : -0.3125000000000000? + 0.1653594569415369?*I : 1), (0.562500000000000? + 0.8267972847076846?*I : -0.3125000000000000? - 0.1653594569415369?*I : 1)
x + 5*y + 2*z: (-1.256458777627657? : -0.1487082444744688? : 1), (0.7532293888138281? - 0.9085421520830199?*I : -0.5506458777627656? + 0.1817084304166040?*I : 1), (0.7532293888138281? + 0.9085421520830199?*I : -0.5506458777627656? - 0.1817084304166040?*I : 1)
x + 5*y + 3*z: (-1.416326639087301? : -0.3167346721825399? : 1), (0.895663319543651? - 0.7809550923517403?*I : -0.7791326639087301? + 0.1561910184703481?*I : 1), (0.895663319543651? + 0.7809550923517403?*I : -0.7791326639087301? - 0.1561910184703481?*I : 1)
x + 5*y + 4*z: (-3/2 : -1/2 : 1), (1 : -1 : 1)
x + 5*y + 5*z: (-1.482675827043134? : -0.7034648345913732? : 1), (0 : -1 : 1), (2.107675827043134? : -1.421535165408627? : 1)
2*x + y + z: (-1 : 1 : 1), (0 : -1 : 1)
2*x + y + 2*z: (-2.618033988749895? : 3.236067977499790? : 1), (-1 : 0 : 1), (-0.3819660112501051? : -1.236067977499790? : 1)
2*x + y + 3*z: (-4 : 5 : 1), (-1 : -1 : 1)
2*x + y + 4*z: (-5.365230013414096? : 6.730460026828193? : 1), (-1.317384993292952? - 0.3582593599240430?*I : -1.365230013414097? + 0.7165187198480860?*I : 1), (-1.317384993292952? + 0.3582593599240430?*I : -1.365230013414097? - 0.7165187198480860?*I : 1)
2*x + y + 5*z: (-6.724576727631848? : 8.44915345526370? : 1), (-1.637711636184076? - 0.540430833869287?*I : -1.724576727631849? + 1.080861667738574?*I : 1), (-1.637711636184076? + 0.540430833869287?*I : -1.724576727631849? - 1.080861667738574?*I : 1)
2*x + 2*y + z: (-1 : 1 : 0), (-0.8090169943749474? : 0.3090169943749474? : 1), (0.3090169943749474? : -0.8090169943749474? : 1)
2*x + 2*y + 3*z: (-1.131881307912987? : -0.3681186920870134? : 1), (-1 : 1 : 0), (-0.3681186920870134? : -1.131881307912987? : 1)
2*x + 2*y + 5*z: (-1.250000000000000? - 0.4330127018922193?*I : -1.250000000000000? + 0.4330127018922193?*I : 1), (-1.250000000000000? + 0.4330127018922193?*I : -1.250000000000000? - 0.4330127018922193?*I : 1), (-1 : 1 : 0)
2*x + 3*y + z: (-4/5 : 1/5 : 1), (1 : -1 : 1)
2*x + 3*y + 2*z: (-1 : 0 : 1), (0.3252272915132480? : -0.8834848610088320? : 1), (3.074772708486752? : -2.716515138991168? : 1)
2*x + 3*y + 3*z: (-1.139387691339814? : -0.2404082057734576? : 1), (0 : -1 : 1), (4.739387691339814? : -4.159591794226543? : 1)
2*x + 3*y + 4*z: (-1.212606263842843? : -0.5249291574381047? : 1), (-0.3622179832631045? : -1.091854677824597? : 1), (6.374824247105947? : -5.583216164737298? : 1)
2*x + 3*y + 5*z: (-1 : -1 : 1), (8 : -7 : 1)
2*x + 4*y + z: (-0.7971565081774244? : 0.1485782540887122? : 1), (0.6485782540887122? - 0.6028125753014564?*I : -0.5742891270443561? + 0.3014062876507282?*I : 1), (0.6485782540887122? + 0.6028125753014564?*I : -0.5742891270443561? - 0.3014062876507282?*I : 1)
2*x + 4*y + 3*z: (-1.141783527452926? : -0.1791082362735372? : 1), (0.3317455982189726? : -0.9158727991094863? : 1), (2.310037929233953? : -1.905018964616977? : 1)
2*x + 4*y + 5*z: (-1.266311008886225? : -0.6168444955568876? : 1), (-0.3589313717667241? : -1.070534314116638? : 1), (4.125242380652949? : -3.312621190326475? : 1)
2*x + 5*y + z: (-0.7958876310197132? : 0.11835505240788529? : 1), (0.5408009583669994? - 0.6523118639025321?*I : -0.4163203833467998? + 0.2609247455610129?*I : 1), (0.5408009583669994? + 0.6523118639025321?*I : -0.4163203833467998? - 0.2609247455610129?*I : 1)
2*x + 5*y + 2*z: (-1 : 0 : 1), (0.785714285714286? - 0.6185895741317419?*I : -0.714285714285715? + 0.2474358296526968?*I : 1), (0.785714285714286? + 0.6185895741317419?*I : -0.714285714285715? - 0.2474358296526968?*I : 1)
2*x + 5*y + 3*z: (-8/7 : -1/7 : 1), (1 : -1 : 1)
2*x + 5*y + 4*z: (-1.245310629751296? : -0.3018757480994817? : 1), (0.3352824538491323? : -0.9341129815396529? : 1), (2.052885318759307? : -1.621154127503723? : 1)
2*x + 5*y + 5*z: (-1.306019374818708? : -0.4775922500725171? : 1), (0 : -1 : 1), (2.734590803390136? : -2.093836321356055? : 1)
3*x + y + z: (-0.562500000000000? - 0.2420614591379636?*I : 0.687500000000000? + 0.7261843774138907?*I : 1), (-0.562500000000000? + 0.2420614591379636?*I : 0.687500000000000? - 0.7261843774138907?*I : 1), (0 : -1 : 1)
3*x + y + 2*z: (-1 : 1 : 1), (-1/4 : -5/4 : 1)
3*x + y + 3*z: (-1.827934422872475? : 2.483803268617425? : 1), (-1 : 0 : 1), (-0.5470655771275251? : -1.358803268617425? : 1)
3*x + y + 4*z: (-5/2 : 7/2 : 1), (-1 : -1 : 1)
3*x + y + 5*z: (-3.157216711101594? : 4.471650133304781? : 1), (-1.233891644449204? - 0.2473555551653137?*I : -1.298325066652391? + 0.7420666654959409?*I : 1), (-1.233891644449204? + 0.2473555551653137?*I : -1.298325066652391? - 0.7420666654959409?*I : 1)
3*x + 2*y + z: (-1 : 1 : 1), (1/5 : -4/5 : 1)
3*x + 2*y + 2*z: (-2.716515138991168? : 3.074772708486752? : 1), (-0.8834848610088320? : 0.3252272915132480? : 1), (0 : -1 : 1)
3*x + 2*y + 3*z: (-4.159591794226543? : 4.739387691339814? : 1), (-1 : 0 : 1), (-0.2404082057734576? : -1.139387691339814? : 1)
3*x + 2*y + 4*z: (-5.583216164737298? : 6.374824247105947? : 1), (-1.091854677824597? : -0.3622179832631045? : 1), (-0.5249291574381047? : -1.212606263842843? : 1)
3*x + 2*y + 5*z: (-7 : 8 : 1), (-1 : -1 : 1)
3*x + 3*y + z: (-1 : 1 : 0), (-0.735941709219978? : 0.4026083758866444? : 1), (0.4026083758866444? : -0.735941709219978? : 1)
3*x + 3*y + 2*z: (-1 : 1 : 0), (-0.8776643872851507? : 0.2109977206184841? : 1), (0.2109977206184841? : -0.8776643872851507? : 1)
3*x + 3*y + 4*z: (-1.096998149578602? : -0.2363351837547315? : 1), (-1 : 1 : 0), (-0.2363351837547315? : -1.096998149578602? : 1)
3*x + 3*y + 5*z: (-1.152475702585446? : -0.5141909640812206? : 1), (-1 : 1 : 0), (-0.5141909640812206? : -1.152475702585446? : 1)
3*x + 4*y + z: (-5/7 : 2/7 : 1), (1 : -1 : 1)
3*x + 4*y + 2*z: (-0.8758227597054107? : 0.1568670697790581? : 1), (0.4328933249730738? : -0.8246699937298053? : 1), (3.014358006160909? : -2.760768504620681? : 1)
3*x + 4*y + 3*z: (-1 : 0 : 1), (0.2154380878814761? : -0.9115785659111070? : 1), (4.641704769261381? : -4.231278576946036? : 1)
3*x + 4*y + 4*z: (-1.098637879618609? : -0.1760215902860438? : 1), (0 : -1 : 1), (6.241495022475751? : -5.681121266856814? : 1)
3*x + 4*y + 5*z: (-1.168952233446287? : -0.3732858249152851? : 1), (-0.2340702891814763? : -1.074447283113893? : 1), (7.831593951199192? : -7.123695463399394? : 1)
3*x + 5*y + z: (-0.7060518191230330? : 0.2236310914738199? : 1), (0.6342759095615165? - 0.5530437506143264?*I : -0.5805655457369099? + 0.3318262503685958?*I : 1), (0.6342759095615165? + 0.5530437506143264?*I : -0.5805655457369099? - 0.3318262503685958?*I : 1)
3*x + 5*y + 2*z: (-7/8 : 1/8 : 1), (1 : -1 : 1)
3*x + 5*y + 3*z: (-1 : 0 : 1), (0.4461620864784330? : -0.8676972518870598? : 1), (2.241337913521567? : -1.944802748112941? : 1)
3*x + 5*y + 4*z: (-1.099372368096993? : -0.1403765791418047? : 1), (0.2178518135418512? : -0.9307110881251107? : 1), (3.131520554555142? : -2.678912332733085? : 1)
3*x + 5*y + 5*z: (-1.175423694040361? : -0.2947457835757838? : 1), (0 : -1 : 1), (3.987923694040361? : -3.392754216424216? : 1)
4*x + y + z: (-0.4000000000000000? - 0.2000000000000000?*I : 0.6000000000000000? + 0.8000000000000000?*I : 1), (-0.4000000000000000? + 0.2000000000000000?*I : 0.6000000000000000? - 0.8000000000000000?*I : 1), (0 : -1 : 1)
4*x + y + 2*z: (-0.7068073505236672? - 0.1922143870450999?*I : 0.8272294020946689? + 0.7688575481803996?*I : 1), (-0.7068073505236672? + 0.1922143870450999?*I : 0.8272294020946689? - 0.7688575481803996?*I : 1), (-0.1863852989526655? : -1.254458804189338? : 1)
4*x + y + 3*z: (-1 : 1 : 1), (-2/5 : -7/5 : 1)
4*x + y + 4*z: (-1.558257569495584? : 2.233030277982336? : 1), (-1 : 0 : 1), (-0.6417424305044160? : -1.433030277982336? : 1)
4*x + y + 5*z: (-2 : 3 : 1), (-1 : -1 : 1)
4*x + 2*y + z: (-0.5742891270443561? - 0.3014062876507282?*I : 0.6485782540887122? + 0.6028125753014564?*I : 1), (-0.5742891270443561? + 0.3014062876507282?*I : 0.6485782540887122? - 0.6028125753014564?*I : 1), (0.1485782540887122? : -0.7971565081774244? : 1)
4*x + 2*y + 3*z: (-1.905018964616977? : 2.310037929233953? : 1), (-0.9158727991094863? : 0.3317455982189726? : 1), (-0.1791082362735372? : -1.141783527452926? : 1)
4*x + 2*y + 5*z: (-3.312621190326475? : 4.125242380652949? : 1), (-1.070534314116638? : -0.3589313717667241? : 1), (-0.6168444955568876? : -1.266311008886225? : 1)
4*x + 3*y + z: (-1 : 1 : 1), (2/7 : -5/7 : 1)
4*x + 3*y + 2*z: (-2.760768504620681? : 3.014358006160909? : 1), (-0.8246699937298053? : 0.4328933249730738? : 1), (0.1568670697790581? : -0.8758227597054107? : 1)
4*x + 3*y + 3*z: (-4.231278576946036? : 4.641704769261381? : 1), (-0.9115785659111070? : 0.2154380878814761? : 1), (0 : -1 : 1)
4*x + 3*y + 4*z: (-5.681121266856814? : 6.241495022475751? : 1), (-1 : 0 : 1), (-0.1760215902860438? : -1.098637879618609? : 1)
4*x + 3*y + 5*z: (-7.123695463399394? : 7.831593951199192? : 1), (-1.074447283113893? : -0.2340702891814763? : 1), (-0.3732858249152851? : -1.168952233446287? : 1)
4*x + 4*y + z: (-1 : 1 : 0), (-0.6978219618694800? : 0.4478219618694800? : 1), (0.4478219618694800? : -0.6978219618694800? : 1)
4*x + 4*y + 3*z: (-1 : 1 : 0), (-0.9102180241110471? : 0.1602180241110471? : 1), (0.1602180241110471? : -0.9102180241110471? : 1)
4*x + 4*y + 5*z: (-1.075693909432999? : -0.1743060905670014? : 1), (-1 : 1 : 0), (-0.1743060905670014? : -1.075693909432999? : 1)
4*x + 5*y + z: (-2/3 : 1/3 : 1), (1 : -1 : 1)
4*x + 5*y + 2*z: (-0.803012498335225? : 0.2424099986681798? : 1), (0.4871192710386598? : -0.789695416830928? : 1), (2.982559893963232? : -2.786047915170586? : 1)
4*x + 5*y + 3*z: (-0.9096099092712279? : 0.1276879274169823? : 1), (0.3193336855303058? : -0.8554669484242446? : 1), (4.590276223740923? : -4.272220978992738? : 1)
4*x + 5*y + 4*z: (-1 : 0 : 1), (0.1620406037800089? : -0.9296324830240071? : 1), (6.171292729553324? : -5.737034183642659? : 1)
4*x + 5*y + 5*z: (-1.076252185107651? : -0.1389982519138793? : 1), (0 : -1 : 1), (7.742918851774318? : -7.194335081419454? : 1)
5*x + y + z: (-0.3125000000000000? - 0.1653594569415369?*I : 0.562500000000000? + 0.8267972847076846?*I : 1), (-0.3125000000000000? + 0.1653594569415369?*I : 0.562500000000000? - 0.8267972847076846?*I : 1), (0 : -1 : 1)
5*x + y + 2*z: (-0.5506458777627656? - 0.1817084304166040?*I : 0.7532293888138281? + 0.9085421520830199?*I : 1), (-0.5506458777627656? + 0.1817084304166040?*I : 0.7532293888138281? - 0.9085421520830199?*I : 1), (-0.1487082444744688? : -1.256458777627657? : 1)
5*x + y + 3*z: (-0.7791326639087301? - 0.1561910184703481?*I : 0.895663319543651? + 0.7809550923517403?*I : 1), (-0.7791326639087301? + 0.1561910184703481?*I : 0.895663319543651? - 0.7809550923517403?*I : 1), (-0.3167346721825399? : -1.416326639087301? : 1)
5*x + y + 4*z: (-1 : 1 : 1), (-1/2 : -3/2 : 1)
5*x + y + 5*z: (-1.421535165408627? : 2.107675827043134? : 1), (-1 : 0 : 1), (-0.7034648345913732? : -1.482675827043134? : 1)
5*x + 2*y + z: (-0.4163203833467998? - 0.2609247455610129?*I : 0.5408009583669994? + 0.6523118639025321?*I : 1), (-0.4163203833467998? + 0.2609247455610129?*I : 0.5408009583669994? - 0.6523118639025321?*I : 1), (0.11835505240788529? : -0.7958876310197132? : 1)
5*x + 2*y + 2*z: (-0.714285714285715? - 0.2474358296526968?*I : 0.785714285714286? + 0.6185895741317419?*I : 1), (-0.714285714285715? + 0.2474358296526968?*I : 0.785714285714286? - 0.6185895741317419?*I : 1), (0 : -1 : 1)
5*x + 2*y + 3*z: (-1 : 1 : 1), (-1/7 : -8/7 : 1)
5*x + 2*y + 4*z: (-1.621154127503723? : 2.052885318759307? : 1), (-0.9341129815396529? : 0.3352824538491323? : 1), (-0.3018757480994817? : -1.245310629751296? : 1)
5*x + 2*y + 5*z: (-2.093836321356055? : 2.734590803390136? : 1), (-1 : 0 : 1), (-0.4775922500725171? : -1.306019374818708? : 1)
5*x + 3*y + z: (-0.5805655457369099? - 0.3318262503685958?*I : 0.6342759095615165? + 0.5530437506143264?*I : 1), (-0.5805655457369099? + 0.3318262503685958?*I : 0.6342759095615165? - 0.5530437506143264?*I : 1), (0.2236310914738199? : -0.7060518191230330? : 1)
5*x + 3*y + 2*z: (-1 : 1 : 1), (1/8 : -7/8 : 1)
5*x + 3*y + 3*z: (-1.944802748112941? : 2.241337913521567? : 1), (-0.8676972518870598? : 0.4461620864784330? : 1), (0 : -1 : 1)
5*x + 3*y + 4*z: (-2.678912332733085? : 3.131520554555142? : 1), (-0.9307110881251107? : 0.2178518135418512? : 1), (-0.1403765791418047? : -1.099372368096993? : 1)
5*x + 3*y + 5*z: (-3.392754216424216? : 3.987923694040361? : 1), (-1 : 0 : 1), (-0.2947457835757838? : -1.175423694040361? : 1)
5*x + 4*y + z: (-1 : 1 : 1), (1/3 : -2/3 : 1)
5*x + 4*y + 2*z: (-2.786047915170586? : 2.982559893963232? : 1), (-0.789695416830928? : 0.4871192710386598? : 1), (0.2424099986681798? : -0.803012498335225? : 1)
5*x + 4*y + 3*z: (-4.272220978992738? : 4.590276223740923? : 1), (-0.8554669484242446? : 0.3193336855303058? : 1), (0.1276879274169823? : -0.9096099092712279? : 1)
5*x + 4*y + 4*z: (-5.737034183642659? : 6.171292729553324? : 1), (-0.9296324830240071? : 0.1620406037800089? : 1), (0 : -1 : 1)
5*x + 4*y + 5*z: (-7.194335081419454? : 7.742918851774318? : 1), (-1 : 0 : 1), (-0.1389982519138793? : -1.076252185107651? : 1)
5*x + 5*y + z: (-1 : 1 : 0), (-0.6744562646538029? : 0.4744562646538029? : 1), (0.4744562646538029? : -0.6744562646538029? : 1)
5*x + 5*y + 2*z: (-1 : 1 : 0), (-0.7656854249492380? : 0.3656854249492381? : 1), (0.3656854249492381? : -0.7656854249492380? : 1)
5*x + 5*y + 3*z: (-1 : 1 : 0), (-0.8507570547286102? : 0.2507570547286102? : 1), (0.2507570547286102? : -0.8507570547286102? : 1)
5*x + 5*y + 4*z: (-1 : 1 : 0), (-0.9291502622129181? : 0.1291502622129182? : 1), (0.1291502622129182? : -0.9291502622129181? : 1)
ZcapJ: x + y + z: (-1 : 0 : 1), (-1 : 1 : 0), (0 : -1 : 1)
x + y + 2*z: (-1 : -1 : 1), (-1 : 1 : 0)
x + y + 3*z: (-1 : 1 : 0)
x + y + 4*z: (-1 : 1 : 0)
x + y + 5*z: (-1 : 1 : 0)
x + 2*y + z: (-1 : 0 : 1), (1 : -1 : 1)
x + 2*y + 2*z: (0 : -1 : 1)
x + 2*y + 3*z: (-1 : -1 : 1)
x + 3*y + z: (-1 : 0 : 1)
x + 3*y + 2*z: (1 : -1 : 1)
x + 3*y + 3*z: (0 : -1 : 1)
x + 3*y + 4*z: (-1 : -1 : 1)
x + 4*y + z: (-1 : 0 : 1)
x + 4*y + 3*z: (1 : -1 : 1)
x + 4*y + 4*z: (0 : -1 : 1)
x + 4*y + 5*z: (-1 : -1 : 1)
x + 5*y + z: (-1 : 0 : 1)
x + 5*y + 4*z: (1 : -1 : 1)
x + 5*y + 5*z: (0 : -1 : 1)
2*x + y + z: (-1 : 1 : 1), (0 : -1 : 1)
2*x + y + 2*z: (-1 : 0 : 1)
2*x + y + 3*z: (-1 : -1 : 1)
2*x + 2*y + z: (-1 : 1 : 0)
2*x + 2*y + 3*z: (-1 : 1 : 0)
2*x + 2*y + 5*z: (-1 : 1 : 0)
2*x + 3*y + z: (1 : -1 : 1)
2*x + 3*y + 2*z: (-1 : 0 : 1)
2*x + 3*y + 3*z: (0 : -1 : 1)
2*x + 3*y + 5*z: (-1 : -1 : 1)
2*x + 5*y + 2*z: (-1 : 0 : 1)
2*x + 5*y + 3*z: (1 : -1 : 1)
2*x + 5*y + 5*z: (0 : -1 : 1)
3*x + y + z: (0 : -1 : 1)
3*x + y + 2*z: (-1 : 1 : 1)
3*x + y + 3*z: (-1 : 0 : 1)
3*x + y + 4*z: (-1 : -1 : 1)
3*x + 2*y + z: (-1 : 1 : 1)
3*x + 2*y + 2*z: (0 : -1 : 1)
3*x + 2*y + 3*z: (-1 : 0 : 1)
3*x + 2*y + 5*z: (-1 : -1 : 1)
3*x + 3*y + z: (-1 : 1 : 0)
3*x + 3*y + 2*z: (-1 : 1 : 0)
3*x + 3*y + 4*z: (-1 : 1 : 0)
3*x + 3*y + 5*z: (-1 : 1 : 0)
3*x + 4*y + z: (1 : -1 : 1)
3*x + 4*y + 3*z: (-1 : 0 : 1)
3*x + 4*y + 4*z: (0 : -1 : 1)
3*x + 5*y + 2*z: (1 : -1 : 1)
3*x + 5*y + 3*z: (-1 : 0 : 1)
3*x + 5*y + 5*z: (0 : -1 : 1)
4*x + y + z: (0 : -1 : 1)
4*x + y + 3*z: (-1 : 1 : 1)
4*x + y + 4*z: (-1 : 0 : 1)
4*x + y + 5*z: (-1 : -1 : 1)
4*x + 3*y + z: (-1 : 1 : 1)
4*x + 3*y + 3*z: (0 : -1 : 1)
4*x + 3*y + 4*z: (-1 : 0 : 1)
4*x + 4*y + z: (-1 : 1 : 0)
4*x + 4*y + 3*z: (-1 : 1 : 0)
4*x + 4*y + 5*z: (-1 : 1 : 0)
4*x + 5*y + z: (1 : -1 : 1)
4*x + 5*y + 4*z: (-1 : 0 : 1)
4*x + 5*y + 5*z: (0 : -1 : 1)
5*x + y + z: (0 : -1 : 1)
5*x + y + 4*z: (-1 : 1 : 1)
5*x + y + 5*z: (-1 : 0 : 1)
5*x + 2*y + 2*z: (0 : -1 : 1)
5*x + 2*y + 3*z: (-1 : 1 : 1)
5*x + 2*y + 5*z: (-1 : 0 : 1)
5*x + 3*y + 2*z: (-1 : 1 : 1)
5*x + 3*y + 3*z: (0 : -1 : 1)
5*x + 3*y + 5*z: (-1 : 0 : 1)
5*x + 4*y + z: (-1 : 1 : 1)
5*x + 4*y + 4*z: (0 : -1 : 1)
5*x + 4*y + 5*z: (-1 : 0 : 1)
5*x + 5*y + z: (-1 : 1 : 0)
5*x + 5*y + 2*z: (-1 : 1 : 0)
5*x + 5*y + 3*z: (-1 : 1 : 0)
5*x + 5*y + 4*z: (-1 : 1 : 0)
ZcapJCL: x + y + z: (-1 : 0 : 1), (-1 : 1 : 0), (0 : -1 : 1)
x + y + 2*z: (-1 : -1 : 1), (-1 : 1 : 0)
x + y + 3*z: (-1 : 1 : 0)
x + y + 4*z: (-1 : 1 : 0)
x + y + 5*z: (-1 : 1 : 0)
x + 2*y + z: (-1 : 0 : 1), (1 : -1 : 1)
x + 2*y + 2*z: (0 : -1 : 1)
x + 2*y + 3*z: (-1 : -1 : 1)
x + 3*y + z: (-1 : 0 : 1)
x + 3*y + 2*z: (1 : -1 : 1)
x + 3*y + 3*z: (0 : -1 : 1)
x + 3*y + 4*z: (-1 : -1 : 1)
x + 4*y + z: (-1 : 0 : 1)
x + 4*y + 3*z: (1 : -1 : 1)
x + 4*y + 4*z: (0 : -1 : 1)
x + 4*y + 5*z: (-1 : -1 : 1)
x + 5*y + z: (-1 : 0 : 1)
x + 5*y + 4*z: (1 : -1 : 1)
x + 5*y + 5*z: (0 : -1 : 1)
2*x + y + z: (-1 : 1 : 1), (0 : -1 : 1)
2*x + y + 2*z: (-1 : 0 : 1)
2*x + y + 3*z: (-1 : -1 : 1)
2*x + 2*y + z: (-1 : 1 : 0)
2*x + 2*y + 3*z: (-1 : 1 : 0)
2*x + 2*y + 5*z: (-1 : 1 : 0)
2*x + 3*y + z: (1 : -1 : 1)
2*x + 3*y + 2*z: (-1 : 0 : 1)
2*x + 3*y + 3*z: (0 : -1 : 1)
2*x + 3*y + 5*z: (-1 : -1 : 1)
2*x + 5*y + 2*z: (-1 : 0 : 1)
2*x + 5*y + 3*z: (1 : -1 : 1)
2*x + 5*y + 5*z: (0 : -1 : 1)
3*x + y + z: (0 : -1 : 1)
3*x + y + 2*z: (-1 : 1 : 1)
3*x + y + 3*z: (-1 : 0 : 1)
3*x + y + 4*z: (-1 : -1 : 1)
3*x + 2*y + z: (-1 : 1 : 1)
3*x + 2*y + 2*z: (0 : -1 : 1)
3*x + 2*y + 3*z: (-1 : 0 : 1)
3*x + 2*y + 5*z: (-1 : -1 : 1)
3*x + 3*y + z: (-1 : 1 : 0)
3*x + 3*y + 2*z: (-1 : 1 : 0)
3*x + 3*y + 4*z: (-1 : 1 : 0)
3*x + 3*y + 5*z: (-1 : 1 : 0)
3*x + 4*y + z: (1 : -1 : 1)
3*x + 4*y + 3*z: (-1 : 0 : 1)
3*x + 4*y + 4*z: (0 : -1 : 1)
3*x + 5*y + 2*z: (1 : -1 : 1)
3*x + 5*y + 3*z: (-1 : 0 : 1)
3*x + 5*y + 5*z: (0 : -1 : 1)
4*x + y + z: (0 : -1 : 1)
4*x + y + 3*z: (-1 : 1 : 1)
4*x + y + 4*z: (-1 : 0 : 1)
4*x + y + 5*z: (-1 : -1 : 1)
4*x + 3*y + z: (-1 : 1 : 1)
4*x + 3*y + 3*z: (0 : -1 : 1)
4*x + 3*y + 4*z: (-1 : 0 : 1)
4*x + 4*y + z: (-1 : 1 : 0)
4*x + 4*y + 3*z: (-1 : 1 : 0)
4*x + 4*y + 5*z: (-1 : 1 : 0)
4*x + 5*y + z: (1 : -1 : 1)
4*x + 5*y + 4*z: (-1 : 0 : 1)
4*x + 5*y + 5*z: (0 : -1 : 1)
5*x + y + z: (0 : -1 : 1)
5*x + y + 4*z: (-1 : 1 : 1)
5*x + y + 5*z: (-1 : 0 : 1)
5*x + 2*y + 2*z: (0 : -1 : 1)
5*x + 2*y + 3*z: (-1 : 1 : 1)
5*x + 2*y + 5*z: (-1 : 0 : 1)
5*x + 3*y + 2*z: (-1 : 1 : 1)
5*x + 3*y + 3*z: (0 : -1 : 1)
5*x + 3*y + 5*z: (-1 : 0 : 1)
5*x + 4*y + z: (-1 : 1 : 1)
5*x + 4*y + 4*z: (0 : -1 : 1)
5*x + 4*y + 5*z: (-1 : 0 : 1)
5*x + 5*y + z: (-1 : 1 : 0)
5*x + 5*y + 2*z: (-1 : 1 : 0)
5*x + 5*y + 3*z: (-1 : 1 : 0)
5*x + 5*y + 4*z: (-1 : 1 : 0)

